<?xml version="1.0" encoding="UTF-8"?>
<!-- Generated by org.testng.reporters.JUnitReportReporter -->
<testsuite hostname="Temps-MacBook-Air.local" failures="0" tests="2" name="com.flinkTestCases.testcases.homepagetestcases" time="62.150" errors="0" timestamp="26 Nov 2021 19:46:31 GMT" skipped="0">
  <testcase classname="com.flinkTestCases.testcases.homepagetestcases" name="productSelectionTest" time="32.879"/>
  <testcase classname="com.flinkTestCases.testcases.homepagetestcases" name="productSelectionTest" time="29.271"/>
</testsuite> <!-- com.flinkTestCases.testcases.homepagetestcases -->
